Arguments: 
  D:\DevSoftstore\nvm\nodeJs\node.exe D:\DevSoftstore\nvm\nodeJs\node_modules\yarn\bin\yarn.js init

PATH: 
  C:\Users\墨里墨白\bin;D:\DevSoftstore\Git\mingw64\bin;D:\DevSoftstore\Git\usr\local\bin;D:\DevSoftstore\Git\usr\bin;D:\DevSoftstore\Git\usr\bin;D:\DevSoftstore\Git\mingw64\bin;D:\DevSoftstore\Git\usr\bin;C:\Users\墨里墨白\bin;C:\Program Files (x86)\Common Files\Oracle\Java\javapath;C:\Windows\system32;C:\Windows;C:\Windows\System32\Wbem;C:\Windows\System32\WindowsPowerShell\v1.0;C:\Windows\System32\OpenSSH;D:\DevSoftstore\Git\cmd;D:\LeStoreDownload\TortoiseGit\bin;D:\LeStoreDownload\GO\bin;D:\DevSoftstore\nvm;D:\DevSoftstore\nvm\nodeJs;D:\DevSoftstore\wxIDE\微信web开发者工具\dll;C:\Program Files\Docker\Docker\resources\bin;%PNPM_HOME%;C:\Users\墨里墨白\AppData\Local\Microsoft\WindowsApps;C:\Users\墨里墨白\go\bin;D:\LeStoreDownload\vsCode\bin;C:\Program Files (x86)\Tencent\QQGameTempest\Hall.57821;D:\DevSoftstore\nvm;D:\DevSoftstore\nvm\nodeJs;D:\DevSoftstore\Git\usr\bin\vendor_perl;D:\DevSoftstore\Git\usr\bin\core_perl

Yarn version: 
  1.22.19

Node version: 
  14.15.4

Platform: 
  win32 x64

Trace: 
  Error: Can't answer a question unless a user TTY
      at ConsoleReporter.question (D:\DevSoftstore\nvm\v14.15.4\node_modules\yarn\lib\cli.js:92864:59)
      at Object.<anonymous> (D:\DevSoftstore\nvm\v14.15.4\node_modules\yarn\lib\cli.js:85054:38)
      at Generator.next (<anonymous>)
      at step (D:\DevSoftstore\nvm\v14.15.4\node_modules\yarn\lib\cli.js:310:30)
      at D:\DevSoftstore\nvm\v14.15.4\node_modules\yarn\lib\cli.js:321:13

npm manifest: 
  No manifest

yarn manifest: 
  No manifest

Lockfile: 
  No lockfile
